<?xml version="1.0" encoding="UTF-8"?>
<!-- Generated by org.testng.reporters.JUnitXMLReporter -->
<testsuite ignored="0" hostname="DESKTOP-T5HLTIE" failures="1" tests="4" name="Test" time="48.958" errors="0" timestamp="2022-01-29T18:50:05 IST">
  <testcase classname="com.happyslearning.e2e.Guru99.telecom.pages.ParallelTest" name="addCustomerActionTest" time="13.384"/>
  <testcase classname="com.happyslearning.e2e.Guru99.telecom.pages.ParallelTest" name="addTariffPlanTest" time="9.964"/>
  <testcase classname="com.happyslearning.e2e.Guru99.telecom.pages.ParallelTest" name="addTariffPlanToCustomerTest" time="4.351">
    <failure type="java.lang.IllegalArgumentException" message="Keys to send should be a not null CharSequence">
      <![CDATA[java.lang.IllegalArgumentException: Keys to send should be a not null CharSequence
at org.openqa.selenium.remote.RemoteWebElement.sendKeys(RemoteWebElement.java:97)
at com.happyslearning.e2e.Guru99.telecom.pages.AddTariffPlanToCustomerPage.addTariffPlanToCustomerSim(AddTariffPlanToCustomerPage.java:31)
at com.happyslearning.e2e.Guru99.telecom.pages.ParallelTest.addTariffPlanToCustomerTest(ParallelTest.java:65)
at java.base/java.util.concurrent.ThreadPoolExecutor.runWorker(ThreadPoolExecutor.java:1136)
at java.base/java.util.concurrent.ThreadPoolExecutor$Worker.run(ThreadPoolExecutor.java:635)
at java.base/java.lang.Thread.run(Thread.java:833)
... Removed 12 stack frames]]>
    </failure>
  </testcase> <!-- addTariffPlanToCustomerTest -->
  <testcase classname="com.happyslearning.e2e.Guru99.telecom.pages.ParallelTest" name="payBillingPageTestMethod" time="0.0">
    <skipped/>
  </testcase> <!-- payBillingPageTestMethod -->
</testsuite> <!-- Test -->
