<?xml version="1.0" encoding="UTF-8"?>
<!-- Generated by org.testng.reporters.JUnitReportReporter -->
<testsuite hostname="DESKTOP-T5HLTIE" failures="0" tests="4" name="com.happyslearning.e2e.Guru99.telecom.pages.ParallelTest" time="47.553" errors="1" timestamp="2022-01-29T18:50:09 IST" skipped="1">
  <testcase classname="com.happyslearning.e2e.Guru99.telecom.pages.ParallelTest" name="payBillingPageTestMethod" time="9.778">
    <skipped/>
  </testcase> <!-- payBillingPageTestMethod -->
  <system-out/>
  <testcase classname="com.happyslearning.e2e.Guru99.telecom.pages.ParallelTest" name="addCustomerActionTest" time="18.295"/>
  <system-out/>
  <testcase classname="com.happyslearning.e2e.Guru99.telecom.pages.ParallelTest" name="addTariffPlanTest" time="15.129"/>
  <system-out/>
  <testcase classname="com.happyslearning.e2e.Guru99.telecom.pages.ParallelTest" name="addTariffPlanToCustomerTest" time="4.351">
    <error message="Keys to send should be a not null CharSequence" type="java.lang.IllegalArgumentException">
      <![CDATA[java.lang.IllegalArgumentException: Keys to send should be a not null CharSequence
at org.openqa.selenium.remote.RemoteWebElement.sendKeys(RemoteWebElement.java:97)
at com.happyslearning.e2e.Guru99.telecom.pages.AddTariffPlanToCustomerPage.addTariffPlanToCustomerSim(AddTariffPlanToCustomerPage.java:31)
at com.happyslearning.e2e.Guru99.telecom.pages.ParallelTest.addTariffPlanToCustomerTest(ParallelTest.java:65)
at java.base/jdk.internal.reflect.NativeMethodAccessorImpl.invoke0(Native Method)
at java.base/jdk.internal.reflect.NativeMethodAccessorImpl.invoke(NativeMethodAccessorImpl.java:77)
at java.base/jdk.internal.reflect.DelegatingMethodAccessorImpl.invoke(DelegatingMethodAccessorImpl.java:43)
at java.base/java.lang.reflect.Method.invoke(Method.java:568)
at org.testng.internal.MethodInvocationHelper.invokeMethod(MethodInvocationHelper.java:133)
at org.testng.internal.TestInvoker.invokeMethod(TestInvoker.java:598)
at org.testng.internal.TestInvoker.invokeTestMethod(TestInvoker.java:173)
at org.testng.internal.MethodRunner.runInSequence(MethodRunner.java:46)
at org.testng.internal.TestInvoker$MethodInvocationAgent.invoke(TestInvoker.java:824)
at org.testng.internal.TestInvoker.invokeTestMethods(TestInvoker.java:146)
at org.testng.internal.TestMethodWorker.invokeTestMethods(TestMethodWorker.java:146)
at org.testng.internal.TestMethodWorker.run(TestMethodWorker.java:128)
at java.base/java.util.concurrent.ThreadPoolExecutor.runWorker(ThreadPoolExecutor.java:1136)
at java.base/java.util.concurrent.ThreadPoolExecutor$Worker.run(ThreadPoolExecutor.java:635)
at java.base/java.lang.Thread.run(Thread.java:833)
]]>
    </error>
  </testcase> <!-- addTariffPlanToCustomerTest -->
  <system-out/>
</testsuite> <!-- com.happyslearning.e2e.Guru99.telecom.pages.ParallelTest -->
